<?xml version="1.0" encoding="UTF-8"?>
<!-- Generated by org.testng.reporters.JUnitReportReporter -->
<testsuite hostname="Pranav" failures="0" tests="8" name="TestCases.validateRevenueCalculator" time="11.901" errors="0" timestamp="2024-11-27T12:45:45 IST" skipped="0">
  <testcase classname="TestCases.validateRevenueCalculator" name="nevigateToHomePage" time="2.046"/>
  <system-out/>
  <testcase classname="TestCases.validateRevenueCalculator" name="nevigateToRevenueCalculatorPage" time="4.138"/>
  <system-out/>
  <testcase classname="TestCases.validateRevenueCalculator" name="scrolldownPageTillCalculator" time="2.067"/>
  <system-out/>
  <testcase classname="TestCases.validateRevenueCalculator" name="adjustslidebar" time="0.467"/>
  <system-out/>
  <testcase classname="TestCases.validateRevenueCalculator" name="updatetextfield" time="2.237"/>
  <system-out/>
  <testcase classname="TestCases.validateRevenueCalculator" name="checktheboxes" time="0.849"/>
  <system-out/>
  <testcase classname="TestCases.validateRevenueCalculator" name="validateText" time="0.050"/>
  <system-out/>
  <testcase classname="TestCases.validateRevenueCalculator" name="validateTotalRecuurringRembursementValue" time="0.047"/>
  <system-out/>
</testsuite> <!-- TestCases.validateRevenueCalculator -->
